<?xml version="1.0" encoding="UTF-8"?>
<!-- Generated by org.testng.reporters.JUnitReportReporter -->
<testsuite hostname="SHIVRON" failures="0" tests="2" name="com.another.app.QAClick" time="2.403" errors="0" timestamp="19 Apr 2020 16:12:25 GMT">
  <testcase classname="com.another.app.QAClick" name="shouldAnswerWithTrue" time="0.150"/>
  <testcase classname="com.another.app.QAClick" name="RadioButton" time="2.253"/>
</testsuite> <!-- com.another.app.QAClick -->
