<?xml version="1.0" encoding="UTF-8"?>
<!-- Generated by org.testng.reporters.JUnitReportReporter -->
<testsuite hostname="SHIVRON" failures="0" tests="1" name="com.another.app.TestBase" time="0.220" errors="0" timestamp="19 Apr 2020 16:12:25 GMT">
  <testcase classname="com.another.app.TestBase" name="shouldAnswerWithTrue" time="0.220"/>
</testsuite> <!-- com.another.app.TestBase -->
