<?xml version="1.0" encoding="UTF-8"?>
<!-- Generated by org.testng.reporters.JUnitReportReporter -->
<testsuite hostname="SHIVRON" failures="0" tests="2" name="com.practice.app.NewTest" time="0.055" errors="0" timestamp="14 Apr 2020 16:54:15 GMT">
  <testcase classname="com.practice.app.NewTest" name="shouldAnswerWithTrue" time="0.005"/>
  <testcase classname="com.practice.app.NewTest" name="SampleTest" time="0.050"/>
</testsuite> <!-- com.practice.app.NewTest -->
