<?xml version="1.0" encoding="UTF-8"?>
<!-- Generated by org.testng.reporters.JUnitReportReporter -->
<testsuite hostname="SHIVRON" failures="0" tests="2" name="com.practice.app.NewTest" time="0.076" errors="0" timestamp="8 Apr 2020 18:49:25 GMT">
  <testcase classname="com.practice.app.NewTest" name="SampleTest" time="0.068"/>
  <testcase classname="com.practice.app.NewTest" name="shouldAnswerWithTrue" time="0.008"/>
</testsuite> <!-- com.practice.app.NewTest -->
