<?xml version="1.0" encoding="UTF-8"?>
<!-- Generated by org.testng.reporters.JUnitReportReporter -->
<testsuite hostname="SHIVRON" failures="0" tests="2" name="com.practice.app.NewTest" time="0.145" errors="0" timestamp="15 Apr 2020 16:44:32 GMT">
  <testcase classname="com.practice.app.NewTest" name="SampleTest" time="0.144"/>
  <testcase classname="com.practice.app.NewTest" name="shouldAnswerWithTrue" time="0.001"/>
</testsuite> <!-- com.practice.app.NewTest -->
